<?xml version="1.0" encoding="UTF-8"?>
<!-- Generated by org.testng.reporters.JUnitReportReporter -->
<testsuite hostname="MACAIM00840" failures="0" tests="1" name="ServiceDemo.ServiceAutomation.Employee" time="2.496" errors="0" timestamp="2020-04-02T01:27:07 IST" skipped="0">
  <testcase classname="ServiceDemo.ServiceAutomation.Employee" name="getEmployees" time="2.496"/>
</testsuite> <!-- ServiceDemo.ServiceAutomation.Employee -->
